execve(execve("./ljs", ["./ljs", "test", "process"], 0x7ffd64a06710 /* 42 vars */"./ljs", ["./ljs", "test", "process"], 0x7ffd64a06710 /* 42 vars */) = 0
) = 0
arch_prctl(ARCH_SET_FS, 0x7fe7283ebb28arch_prctl(ARCH_SET_FS, 0x7fe7283ebb28) = 0
) = 0
set_tid_address(0x7fe7283ebf90set_tid_address(0x7fe7283ebf90)         = 59126
)         = 59126
brk(brk(NULLNULL)                               = 0x557468090000
)                               = 0x557468090000
brk(0x557468092000brk(0x557468092000)                     = 0x557468092000
mmap(0x557468090000, 4096, PROT_NONE, MAP_PRIVATE|MAP_FIXED|MAP_ANONYMOUS, -1, 0)                     = 0x557468092000
mmap(0x557468090000, 4096, PROT_NONE, MAP_PRIVATE|MAP_FIXED|MAP_ANONYMOUS, -1, 0) = 0x557468090000
) = 0x557468090000
open(open("/etc/ld-musl-x86_64.path", O_RDONLY|O_LARGEFILE|O_CLOEXEC"/etc/ld-musl-x86_64.path", O_RDONLY|O_LARGEFILE|O_CLOEXEC) = -1 ENOENT (No such file or directory)
) = -1 ENOENT (No such file or directory)
open("/lib/libffi.so.8", O_RDONLY|O_LARGEFILE|O_CLOEXECopen("/lib/libffi.so.8", O_RDONLY|O_LARGEFILE|O_CLOEXEC) = -1 ENOENT (No such file or directory)
) = -1 ENOENT (No such file or directory)
open(open("/usr/local/lib/libffi.so.8", O_RDONLY|O_LARGEFILE|O_CLOEXEC"/usr/local/lib/libffi.so.8", O_RDONLY|O_LARGEFILE|O_CLOEXEC) = -1 ENOENT (No such file or directory)
) = -1 ENOENT (No such file or directory)
open("/usr/lib/libffi.so.8", O_RDONLY|O_LARGEFILE|O_CLOEXECopen("/usr/lib/libffi.so.8", O_RDONLY|O_LARGEFILE|O_CLOEXEC) = 3
) = 3
fcntl(3, F_SETFD, FD_CLOEXECfcntl(3, F_SETFD, FD_CLOEXEC)           = 0
)           = 0
fstat(3, fstat(3, {st_mode=S_IFREG|0755, st_size=38960, ...}){st_mode=S_IFREG|0755, st_size=38960, ...}) = 0
 = 0
read(3, read(3, "\177ELF\2\1\1\0\0\0\0\0\0\0\0\0\3\0>\0\1\0\0\0\0\0\0\0\0\0\0\0"..., 960) = 960
"\177ELF\2\1\1\0\0\0\0\0\0\0\0\0\3\0>\0\1\0\0\0\0\0\0\0\0\0\0\0"..., 960) = 960
mmap(NULL, 40960, PROT_READ, MAP_PRIVATE, 3, mmap(NULL, 40960, PROT_READ, MAP_PRIVATE, 3, 00) = 0x7fe72833d000
) = 0x7fe72833d000
mmap(0x7fe72833f000, 20480, PROT_READ|PROT_EXEC, MAP_PRIVATE|MAP_FIXED, 3, 0x2000mmap(0x7fe72833f000, 20480, PROT_READ|PROT_EXEC, MAP_PRIVATE|MAP_FIXED, 3, 0x2000) = 0x7fe72833f000
) = 0x7fe72833f000
mmap(0x7fe728344000, 4096, PROT_READ, MAP_PRIVATE|MAP_FIXED, 3, 0x7000mmap(0x7fe728344000, 4096, PROT_READ, MAP_PRIVATE|MAP_FIXED, 3, 0x7000) = 0x7fe728344000
) = 0x7fe728344000
mmap(mmap(0x7fe728345000, 8192, PROT_READ|PROT_WRITE, MAP_PRIVATE|MAP_FIXED, 3, 0x80000x7fe728345000, 8192, PROT_READ|PROT_WRITE, MAP_PRIVATE|MAP_FIXED, 3, 0x8000) = 0x7fe728345000
) = 0x7fe728345000
close(3close(3)                                = 0
)                                = 0
open("/lib/libz.so.1", O_RDONLY|O_LARGEFILE|O_CLOEXECopen("/lib/libz.so.1", O_RDONLY|O_LARGEFILE|O_CLOEXEC) = -1 ENOENT (No such file or directory)
) = -1 ENOENT (No such file or directory)
open(open("/usr/local/lib/libz.so.1", O_RDONLY|O_LARGEFILE|O_CLOEXEC"/usr/local/lib/libz.so.1", O_RDONLY|O_LARGEFILE|O_CLOEXEC) = -1 ENOENT (No such file or directory)
) = -1 ENOENT (No such file or directory)
open(open("/usr/lib/libz.so.1", O_RDONLY|O_LARGEFILE|O_CLOEXEC"/usr/lib/libz.so.1", O_RDONLY|O_LARGEFILE|O_CLOEXEC) = 3
) = 3
fcntl(3, F_SETFD, FD_CLOEXECfcntl(3, F_SETFD, FD_CLOEXEC)           = 0
)           = 0
fstat(3, fstat(3, {st_mode=S_IFREG|0755, st_size=104280, ...}) = {st_mode=S_IFREG|0755, st_size=104280, ...}) = 0
0
read(3, read(3, "\177ELF\2\1\1\0\0\0\0\0\0\0\0\0\3\0>\0\1\0\0\0\0\0\0\0\0\0\0\0"..., 960) = 960
"\177ELF\2\1\1\0\0\0\0\0\0\0\0\0\3\0>\0\1\0\0\0\0\0\0\0\0\0\0\0"..., 960) = 960
mmap(NULL, 110592, PROT_READ, MAP_PRIVATE, 3, 0mmap(NULL, 110592, PROT_READ, MAP_PRIVATE, 3, 0) = 0x7fe728322000
) = 0x7fe728322000
mmap(0x7fe728325000, 61440, PROT_READ|PROT_EXEC, MAP_PRIVATE|MAP_FIXED, 3mmap(0x7fe728325000, 61440, PROT_READ|PROT_EXEC, MAP_PRIVATE|MAP_FIXED, 3, 0x3000, 0x3000) = 0x7fe728325000
) = 0x7fe728325000
mmap(0x7fe728334000, 28672, PROT_READ, MAP_PRIVATE|MAP_FIXED, 3, 0x12000mmap(0x7fe728334000, 28672, PROT_READ, MAP_PRIVATE|MAP_FIXED, 3, 0x12000) = 0x7fe728334000
) = 0x7fe728334000
mmap(0x7fe72833b000, 8192, PROT_READ|PROT_WRITE, MAP_PRIVATE|MAP_FIXED, 3, 0x18000mmap(0x7fe72833b000, 8192, PROT_READ|PROT_WRITE, MAP_PRIVATE|MAP_FIXED, 3, 0x18000) = 0x7fe72833b000
) = 0x7fe72833b000
close(3close(3)                                = 0
)                                = 0
open("/lib/libexpat.so.1"open("/lib/libexpat.so.1", O_RDONLY|O_LARGEFILE|O_CLOEXEC, O_RDONLY|O_LARGEFILE|O_CLOEXEC) = -1 ENOENT (No such file or directory)
) = -1 ENOENT (No such file or directory)
open("/usr/local/lib/libexpat.so.1", O_RDONLY|O_LARGEFILE|O_CLOEXECopen("/usr/local/lib/libexpat.so.1", O_RDONLY|O_LARGEFILE|O_CLOEXEC) = -1 ENOENT (No such file or directory)
) = -1 ENOENT (No such file or directory)
open("/usr/lib/libexpat.so.1", O_RDONLY|O_LARGEFILE|O_CLOEXECopen("/usr/lib/libexpat.so.1", O_RDONLY|O_LARGEFILE|O_CLOEXEC) = 3
) = 3
fcntl(3, F_SETFD, FD_CLOEXECfcntl(3, F_SETFD, FD_CLOEXEC)           = 0
)           = 0
fstat(3, fstat(3, {st_mode=S_IFREG|0755, st_size=132800, ...}) = 0
{st_mode=S_IFREG|0755, st_size=132800, ...}) = 0
read(3, read(3, "\177ELF\2\1\1\0\0\0\0\0\0\0\0\0\3\0>\0\1\0\0\0\0\0\0\0\0\0\0\0"..., 960) = 960
"\177ELF\2\1\1\0\0\0\0\0\0\0\0\0\3\0>\0\1\0\0\0\0\0\0\0\0\0\0\0"..., 960) = 960
mmap(NULL, 135168, PROT_READ, MAP_PRIVATE, 3, 0mmap(NULL, 135168, PROT_READ, MAP_PRIVATE, 3, 0) = 0x7fe728301000
) = 0x7fe728301000
mmap(0x7fe728303000, 86016, PROT_READ|PROT_EXEC, MAP_PRIVATE|MAP_FIXED, 3, 0x2000mmap(0x7fe728303000, 86016, PROT_READ|PROT_EXEC, MAP_PRIVATE|MAP_FIXED, 3, 0x2000) = 0x7fe728303000
) = 0x7fe728303000
mmap(0x7fe728318000, 28672, PROT_READ, MAP_PRIVATE|MAP_FIXED, mmap(0x7fe728318000, 28672, PROT_READ, MAP_PRIVATE|MAP_FIXED, 3, 0x170003, 0x17000)) = 0x7fe728318000
 = 0x7fe728318000
mmap(0x7fe72831f000, 12288, PROT_READ|PROT_WRITE, MAP_PRIVATE|MAP_FIXED, 3, 0x1e000mmap(0x7fe72831f000, 12288, PROT_READ|PROT_WRITE, MAP_PRIVATE|MAP_FIXED, 3, 0x1e000) = 0x7fe72831f000
) = 0x7fe72831f000
close(3close(3)                                = 0
)                                = 0
mmap(NULL, 4096, PROT_READ|PROT_WRITE, MAP_PRIVATE|MAP_ANONYMOUS, -1, 0mmap(NULL, 4096, PROT_READ|PROT_WRITE, MAP_PRIVATE|MAP_ANONYMOUS, -1, 0) = 0x7fe728300000
) = 0x7fe728300000
mprotect(0x7fe728345000, 4096, PROT_READmprotect(0x7fe728345000, 4096, PROT_READ) = 0
) = 0
mprotect(0x7fe72833b000, 4096, PROT_READmprotect(0x7fe72833b000, 4096, PROT_READ) = 0
) = 0
mprotect(0x7fe72831f000, 8192, PROT_READmprotect(0x7fe72831f000, 8192, PROT_READ) = 0
) = 0
mprotect(0x7fe7283e8000, 4096, PROT_READmprotect(0x7fe7283e8000, 4096, PROT_READ) = 0
) = 0
mprotect(0x55742e2e7000, 32768, PROT_READmprotect(0x55742e2e7000, 32768, PROT_READ) = 0
) = 0
arch_prctl(ARCH_SET_FS, 0x7fe7283003f0arch_prctl(ARCH_SET_FS, 0x7fe7283003f0) = 0
) = 0
set_tid_address(0x7fe7283ebf90set_tid_address(0x7fe7283ebf90)         = 59126
)         = 59126
mmap(NULL, 4096, PROT_READ|PROT_WRITE, MAP_PRIVATE|MAP_ANONYMOUS, -1, mmap(NULL, 4096, PROT_READ|PROT_WRITE, MAP_PRIVATE|MAP_ANONYMOUS, -1, 00) = 0x7fe7282ff000
) = 0x7fe7282ff000
mmap(NULL, 8192, PROT_READ|PROT_WRITE, MAP_PRIVATE|MAP_ANONYMOUS, -1, 0mmap(NULL, 8192, PROT_READ|PROT_WRITE, MAP_PRIVATE|MAP_ANONYMOUS, -1, 0) = 0x7fe7282fd000
) = 0x7fe7282fd000
mmap(NULL, 4096, PROT_READ|mmap(NULL, 4096, PROT_READ|PROT_WRITE, MAP_PRIVATE|MAP_ANONYMOUS, -1, 0PROT_WRITE, MAP_PRIVATE|MAP_ANONYMOUS, -1, 0) = 0x7fe7282fc000
) = 0x7fe7282fc000
mmap(NULL, 4096, PROT_READ|PROT_WRITE, MAP_PRIVATE|MAP_ANONYMOUS, -1, mmap(NULL, 4096, PROT_READ|PROT_WRITE, MAP_PRIVATE|MAP_ANONYMOUS, -1, 00) = 0x7fe7282fb000
) = 0x7fe7282fb000
mmap(NULL, 4096, PROT_READ|PROT_WRITE, MAP_PRIVATE|MAP_ANONYMOUS, -1, 0mmap(NULL, 4096, PROT_READ|PROT_WRITE, MAP_PRIVATE|MAP_ANONYMOUS, -1, 0) = 0x7fe7282fa000
) = 0x7fe7282fa000
mmap(NULL, 4096, PROT_READ|PROT_WRITE, MAP_PRIVATE|MAP_ANONYMOUS, -1, 0mmap(NULL, 4096, PROT_READ|PROT_WRITE, MAP_PRIVATE|MAP_ANONYMOUS, -1, 0) = 0x7fe7282f9000
) = 0x7fe7282f9000
munmap(0x7fe7282f9000, 4096munmap(0x7fe7282f9000, 4096)            = 0
)            = 0
mmap(NULL, 4096, PROT_READ|PROT_WRITE, MAP_PRIVATE|MAP_ANONYMOUS, -1, 0mmap(NULL, 4096, PROT_READ|PROT_WRITE, MAP_PRIVATE|MAP_ANONYMOUS, -1, 0) = 0x7fe7282f9000
) = 0x7fe7282f9000
mmap(NULL, 4096, PROT_READ|PROT_WRITE, MAP_PRIVATE|mmap(NULL, 4096, PROT_READ|PROT_WRITE, MAP_PRIVATE|MAP_ANONYMOUS, -1, 0MAP_ANONYMOUS, -1, 0) = 0x7fe7282f8000
) = 0x7fe7282f8000
munmap(0x7fe7282f8000, 4096munmap(0x7fe7282f8000, 4096)            = 0
)            = 0
mmap(NULL, 4096, PROT_READ|PROT_WRITE, MAP_PRIVATE|MAP_ANONYMOUS, -1, 0mmap(NULL, 4096, PROT_READ|PROT_WRITE, MAP_PRIVATE|MAP_ANONYMOUS, -1, 0) = 0x7fe7282f8000
) = 0x7fe7282f8000
mmap(NULL, 4096, PROT_READ|PROT_WRITE, MAP_PRIVATE|mmap(NULL, 4096, PROT_READ|PROT_WRITE, MAP_PRIVATE|MAP_ANONYMOUS, -1, 0MAP_ANONYMOUS, -1, 0) = 0x7fe7282f7000
) = 0x7fe7282f7000
munmap(0x7fe7282f7000, 4096munmap(0x7fe7282f7000, 4096)            = 0
)            = 0
mmap(NULL, 4096, PROT_READ|PROT_WRITE, MAP_PRIVATE|MAP_ANONYMOUS, -1mmap(NULL, 4096, PROT_READ|PROT_WRITE, MAP_PRIVATE|MAP_ANONYMOUS, -1, 0, 0) = 0x7fe7282f7000
) = 0x7fe7282f7000
mmap(NULL, 4096, PROT_READ|PROT_WRITE, MAP_PRIVATE|MAP_ANONYMOUS, -1, 0mmap(NULL, 4096, PROT_READ|PROT_WRITE, MAP_PRIVATE|MAP_ANONYMOUS, -1, 0) = 0x7fe7282f6000
) = 0x7fe7282f6000
mmap(NULL, 4096, PROT_READ|PROT_WRITE, MAP_PRIVATE|MAP_ANONYMOUS, -1, mmap(NULL, 4096, PROT_READ|PROT_WRITE, MAP_PRIVATE|MAP_ANONYMOUS, -1, 00) = 0x7fe7282f5000
) = 0x7fe7282f5000
brk(0x557468093000brk(0x557468093000)                     = 0x557468093000
)                     = 0x557468093000
mmap(NULL, 4096, PROT_READ|PROT_WRITE, MAP_PRIVATE|MAP_ANONYMOUS, -1, 0mmap(NULL, 4096, PROT_READ|PROT_WRITE, MAP_PRIVATE|MAP_ANONYMOUS, -1, 0) = 0x7fe7282f4000
) = 0x7fe7282f4000
mmap(NULL, 4096, PROT_READ|PROT_WRITE, MAP_PRIVATE|MAP_ANONYMOUS, -1, 0mmap(NULL, 4096, PROT_READ|PROT_WRITE, MAP_PRIVATE|MAP_ANONYMOUS, -1, 0) = 0x7fe7282f3000
) = 0x7fe7282f3000
munmap(0x7fe7282f3000, 4096munmap(0x7fe7282f3000, 4096)            = 0
)            = 0
mmap(NULL, 4096, PROT_READ|PROT_WRITE, MAP_PRIVATE|MAP_ANONYMOUS, -1, 0mmap(NULL, 4096, PROT_READ|PROT_WRITE, MAP_PRIVATE|MAP_ANONYMOUS, -1, 0) = 0x7fe7282f3000
) = 0x7fe7282f3000
munmap(0x7fe7282f3000, 4096munmap(0x7fe7282f3000, 4096)            = 0
)            = 0
mmap(NULL, 4096, PROT_READ|PROT_WRITE, MAP_PRIVATE|MAP_ANONYMOUS, -1, 0mmap(NULL, 4096, PROT_READ|PROT_WRITE, MAP_PRIVATE|MAP_ANONYMOUS, -1, 0) = 0x7fe7282f3000
) = 0x7fe7282f3000
munmap(0x7fe7282f3000, 4096munmap(0x7fe7282f3000, 4096)            = 0
)            = 0
mmap(NULL, 4096, PROT_READ|PROT_WRITE, MAP_PRIVATE|MAP_ANONYMOUS, -1mmap(NULL, 4096, PROT_READ|PROT_WRITE, MAP_PRIVATE|MAP_ANONYMOUS, -1, 0, 0) = 0x7fe7282f3000
) = 0x7fe7282f3000
mmap(NULL, 4096, PROT_READ|PROT_WRITE, mmap(NULL, 4096, PROT_READ|PROT_WRITE, MAP_PRIVATE|MAP_ANONYMOUS, -1, 0MAP_PRIVATE|MAP_ANONYMOUS, -1, 0) = 0x7fe7282f2000
) = 0x7fe7282f2000
munmap(0x7fe7282f3000, 4096munmap(0x7fe7282f3000, 4096)            = 0
)            = 0
mmap(NULL, 4096, PROT_READ|PROT_WRITE, MAP_PRIVATE|MAP_ANONYMOUS, -1, 0mmap(NULL, 4096, PROT_READ|PROT_WRITE, MAP_PRIVATE|MAP_ANONYMOUS, -1, 0) = 0x7fe7282f3000
) = 0x7fe7282f3000
munmap(0x7fe7282f3000, 4096munmap(0x7fe7282f3000, 4096)            = 0
)            = 0
mmap(NULL, 4096, PROT_READ|PROT_WRITE, MAP_PRIVATE|MAP_ANONYMOUS, -1, mmap(NULL, 4096, PROT_READ|PROT_WRITE, MAP_PRIVATE|MAP_ANONYMOUS, -1, 00) = 0x7fe7282f3000
) = 0x7fe7282f3000
munmap(0x7fe7282f3000, 4096munmap(0x7fe7282f3000, 4096)            = 0
)            = 0
mmap(NULL, 4096, PROT_READ|PROT_WRITE, MAP_PRIVATE|MAP_ANONYMOUS, -1, 0mmap(NULL, 4096, PROT_READ|PROT_WRITE, MAP_PRIVATE|MAP_ANONYMOUS, -1, 0) = 0x7fe7282f3000
) = 0x7fe7282f3000
mmap(NULL, 4096, PROT_READ|PROT_WRITE, MAP_PRIVATE|MAP_ANONYMOUS, -1, mmap(NULL, 4096, PROT_READ|PROT_WRITE, MAP_PRIVATE|MAP_ANONYMOUS, -1, 00) = 0x7fe7282f1000
) = 0x7fe7282f1000
mmap(NULL, 4096, PROT_READ|PROT_WRITE, MAP_PRIVATE|MAP_ANONYMOUS, -1, 0mmap(NULL, 4096, PROT_READ|PROT_WRITE, MAP_PRIVATE|MAP_ANONYMOUS, -1, 0) = 0x7fe7282f0000
) = 0x7fe7282f0000
mmap(NULL, 8192, PROT_READ|PROT_WRITE, MAP_PRIVATE|MAP_ANONYMOUS, -1, 0mmap(NULL, 8192, PROT_READ|PROT_WRITE, MAP_PRIVATE|MAP_ANONYMOUS, -1, 0) = 0x7fe7282ee000
) = 0x7fe7282ee000
mmap(NULL, 4096, PROT_READ|PROT_WRITE, MAP_PRIVATE|MAP_ANONYMOUS, -1, 0mmap(NULL, 4096, PROT_READ|PROT_WRITE, MAP_PRIVATE|MAP_ANONYMOUS, -1, 0) = 0x7fe7282ed000
) = 0x7fe7282ed000
munmap(0x7fe7282ed000, 4096munmap(0x7fe7282ed000, 4096)            = 0
)            = 0
mmap(NULL, 4096, PROT_READ|PROT_WRITE, MAP_PRIVATE|MAP_ANONYMOUS, -1, 0mmap(NULL, 4096, PROT_READ|PROT_WRITE, MAP_PRIVATE|MAP_ANONYMOUS, -1, 0) = 0x7fe7282ed000
) = 0x7fe7282ed000
munmap(0x7fe7282ed000, 4096munmap(0x7fe7282ed000, 4096)            = 0
)            = 0
mmap(NULLmmap(NULL, 4096, PROT_READ|PROT_WRITE, MAP_PRIVATE|MAP_ANONYMOUS, -1, 0, 4096, PROT_READ|PROT_WRITE, MAP_PRIVATE|MAP_ANONYMOUS, -1, 0) = 0x7fe7282ed000
) = 0x7fe7282ed000
mmap(NULL, 8192, PROT_READ|PROT_WRITE, MAP_PRIVATE|MAP_ANONYMOUS, -1, 0mmap(NULL, 8192, PROT_READ|PROT_WRITE, MAP_PRIVATE|MAP_ANONYMOUS, -1, 0) = 0x7fe7282eb000
) = 0x7fe7282eb000
munmap(0x7fe7282f5000, 4096munmap(0x7fe7282f5000, 4096)            = 0
)            = 0
mmap(NULL, 4096, PROT_READ|PROT_WRITE, MAP_PRIVATE|MAP_ANONYMOUS, -1, 0mmap(NULL, 4096, PROT_READ|PROT_WRITE, MAP_PRIVATE|MAP_ANONYMOUS, -1, 0) = 0x7fe7282f5000
) = 0x7fe7282f5000
munmap(0x7fe7282f5000, 4096munmap(0x7fe7282f5000, 4096)            = 0
)            = 0
mmap(NULL, 4096, PROT_READ|PROT_WRITE, MAP_PRIVATE|MAP_ANONYMOUS, -1, mmap(NULL, 4096, PROT_READ|PROT_WRITE, MAP_PRIVATE|MAP_ANONYMOUS, -1, 00) = 0x7fe7282f5000
) = 0x7fe7282f5000
mmap(NULL, 8192, PROT_READ|PROT_WRITE, MAP_PRIVATE|MAP_ANONYMOUS, -1, 0mmap(NULL, 8192, PROT_READ|PROT_WRITE, MAP_PRIVATE|MAP_ANONYMOUS, -1, 0) = 0x7fe7282e9000
) = 0x7fe7282e9000
munmap(0x7fe7282e9000, 8192munmap(0x7fe7282e9000, 8192)            = 0
)            = 0
mmap(NULL, 8192, PROT_READ|mmap(NULL, 8192, PROT_READ|PROT_WRITE, MAP_PRIVATE|MAP_ANONYMOUS, -1, 0PROT_WRITE, MAP_PRIVATE|MAP_ANONYMOUS, -1, 0) = 0x7fe7282e9000
) = 0x7fe7282e9000
mmap(NULL, 4096, PROT_READ|PROT_WRITE, MAP_PRIVATE|MAP_ANONYMOUS, -1, 0mmap(NULL, 4096, PROT_READ|PROT_WRITE, MAP_PRIVATE|MAP_ANONYMOUS, -1, 0) = 0x7fe7282e8000
) = 0x7fe7282e8000
munmap(0x7fe7282e8000munmap(0x7fe7282e8000, 4096, 4096)            = 0
)            = 0
mmap(NULL, 4096, PROT_READ|PROT_WRITE, MAP_PRIVATE|MAP_ANONYMOUS, -1, mmap(NULL, 4096, PROT_READ|PROT_WRITE, MAP_PRIVATE|MAP_ANONYMOUS, -1, 00) = 0x7fe7282e8000
) = 0x7fe7282e8000
munmap(0x7fe7282e8000, 4096munmap(0x7fe7282e8000, 4096)            = 0
)            = 0
mmap(NULL, 4096, PROT_READ|PROT_WRITE, MAP_PRIVATE|MAP_ANONYMOUS, -1, 0mmap(NULL, 4096, PROT_READ|PROT_WRITE, MAP_PRIVATE|MAP_ANONYMOUS, -1, 0) = 0x7fe7282e8000
) = 0x7fe7282e8000
mmap(NULL, 8192, PROT_READ|PROT_WRITE, MAP_PRIVATE|MAP_ANONYMOUS, -1, 0mmap(NULL, 8192, PROT_READ|PROT_WRITE, MAP_PRIVATE|MAP_ANONYMOUS, -1, 0) = 0x7fe7282e6000
) = 0x7fe7282e6000
mmap(NULL, 4096, PROT_READ|PROT_WRITE, MAP_PRIVATE|MAP_ANONYMOUS, -1, 0mmap(NULL, 4096, PROT_READ|PROT_WRITE, MAP_PRIVATE|MAP_ANONYMOUS, -1, 0) = 0x7fe7282e5000
) = 0x7fe7282e5000
mmap(mmap(NULL, 4096, PROT_READ|PROT_WRITE, MAP_PRIVATE|MAP_ANONYMOUS, -1, 0NULL, 4096, PROT_READ|PROT_WRITE, MAP_PRIVATE|MAP_ANONYMOUS, -1, 0) = 0x7fe7282e4000
) = 0x7fe7282e4000
mmap(NULL, 36864, PROT_READ|PROT_WRITE, MAP_PRIVATE|MAP_ANONYMOUS, -1, 0mmap(NULL, 36864, PROT_READ|PROT_WRITE, MAP_PRIVATE|MAP_ANONYMOUS, -1, 0) =) = 0x7fe7282db000
 0x7fe7282db000
munmap(0x7fe7282db000, 36864munmap(0x7fe7282db000, 36864)           = 0
)           = 0
rt_sigprocmask(SIG_UNBLOCK, rt_sigprocmask(SIG_UNBLOCK, [RT_1 RT_2], [RT_1 RT_2], NULL, 8) = 0
NULL, 8) = 0
rt_sigaction(SIGCHLD, {sa_handler=0x55742e2a6c60, sa_mask=rt_sigaction(SIGCHLD, {sa_handler=0x55742e2a6c60, sa_mask=[], sa_flags=SA_RESTORER|SA_RESTART, sa_restorer=0x7fe7283a55a4}, [], sa_flags=SA_RESTORER|SA_RESTART, sa_restorer=0x7fe7283a55a4}, {sa_handler=SIG_DFL, sa_mask=[], sa_flags=0}, 8) {sa_handler=SIG_DFL, sa_mask=[], sa_flags=0}, 8) = 0
= 0
mmap(NULL, 4096, PROT_READ|PROT_WRITE, MAP_PRIVATE|MAP_ANONYMOUS, -1mmap(NULL, 4096, PROT_READ|PROT_WRITE, MAP_PRIVATE|MAP_ANONYMOUS, -1, 0, 0) = 0x7fe7282e3000
) = 0x7fe7282e3000
mmap(NULL, 8192, PROT_READ|PROT_WRITE, MAP_PRIVATE|MAP_ANONYMOUS, -1, 0mmap(NULL, 8192, PROT_READ|PROT_WRITE, MAP_PRIVATE|MAP_ANONYMOUS, -1, 0) = 0x7fe7282e1000
) = 0x7fe7282e1000
mmap(NULL, 8192, PROT_READ|PROT_WRITE, MAP_PRIVATE|MAP_ANONYMOUS, -1, 0mmap(NULL, 8192, PROT_READ|PROT_WRITE, MAP_PRIVATE|MAP_ANONYMOUS, -1, 0) = 0x7fe7282df000
) = 0x7fe7282df000
mmap(NULL, 8192, PROT_READ|PROT_WRITE, MAP_PRIVATE|MAP_ANONYMOUS, -1, 0mmap(NULL, 8192, PROT_READ|PROT_WRITE, MAP_PRIVATE|MAP_ANONYMOUS, -1, 0) = 0x7fe7282dd000
) = 0x7fe7282dd000
epoll_create1(EPOLL_CLOEXECepoll_create1(EPOLL_CLOEXEC)            = 3
)            = 3
open("test", O_RDONLY|O_LARGEFILEopen("test", O_RDONLY|O_LARGEFILE)      = 4
)      = 4
lseek(4, 0, SEEK_ENDlseek(4, 0, SEEK_END)                   = 9223372036854775807
)                   = 9223372036854775807
lseek(4, 0, SEEK_CUR)                   = 9223372036854775807
open("test/index.js", O_RDONLY|O_LARGEFILE) = 5
lseek(5, 0, SEEK_END)                   = 3008
lseek(5, 0, SEEK_CUR)                   = 3008
lseek(5, 0, SEEK_SET)                   = 0
mmap(NULL, 4096, PROT_READ|PROT_WRITE, MAP_PRIVATE|MAP_ANONYMOUS, -1, 0) = 0x7fe7282dc000
readv(5, [{iov_base="/**\n * LightJS Unit test V1\n */\n"..., iov_len=3007}, {iov_base="}", iov_len=1024}], 2) = 3008
close(5)                                = 0
mmap(NULL, 8192, PROT_READ|PROT_WRITE, MAP_PRIVATE|MAP_ANONYMOUS, -1, 0) = 0x7fe7282da000
munmap(0x7fe7282da000, 8192)            = 0
mmap(NULL, 8192, PROT_READ|PROT_WRITE, MAP_PRIVATE|MAP_ANONYMOUS, -1, 0) = 0x7fe7282da000
lseek(4, 0, SEEK_CUR)                   = 9223372036854775807
open("test/index.js", O_RDONLY|O_LARGEFILE) = 5
lseek(5, 0, SEEK_END)                   = 3008
lseek(5, 0, SEEK_CUR)                   = 3008
lseek(5, 0, SEEK_SET)                   = 0
mmap(NULL, 4096, PROT_READ|PROT_WRITE, MAP_PRIVATE|MAP_ANONYMOUS, -1, 0) = 0x7fe7282dc000
readv(5, [{iov_base="/**\n * LightJS Unit test V1\n */\n"..., iov_len=3007}, {iov_base="}", iov_len=1024}], 2) = 3008
close(5)                                = 0
mmap(NULL, 8192, PROT_READ|PROT_WRITE, MAP_PRIVATE|MAP_ANONYMOUS, -1, 0) = 0x7fe7282da000
munmap(0x7fe7282da000, 8192)            = 0
mmap(NULL, 8192, PROT_READ|PROT_WRITE, MAP_PRIVATE|MAP_ANONYMOUS, -1, 0) = 0x7fe7282da000
mmap(NULL, 4096, PROT_READ|PROT_WRITE, MAP_PRIVATE|MAP_ANONYMOUS, -1, 0mmap(NULL, 4096, PROT_READ|PROT_WRITE, MAP_PRIVATE|MAP_ANONYMOUS, -1, 0) = 0x7fe7282d9000
) = 0x7fe7282d9000
mmap(NULL, 28672, PROT_READ|PROT_WRITE, MAP_PRIVATE|MAP_ANONYMOUS, -1, 0mmap(NULL, 28672, PROT_READ|PROT_WRITE, MAP_PRIVATE|MAP_ANONYMOUS, -1, 0) = 0x7fe7282d2000
) = 0x7fe7282d2000
munmap(0x7fe7282eb000, 8192munmap(0x7fe7282eb000, 8192)            = 0
)            = 0
getpid(getpid()                                = 59126
)                                = 59126
mmap(NULL, 16384, PROT_READ|PROT_WRITE, MAP_PRIVATE|MAP_ANONYMOUS, -1, 0mmap(NULL, 16384, PROT_READ|PROT_WRITE, MAP_PRIVATE|MAP_ANONYMOUS, -1, 0) = 0x7fe7282ce000
) = 0x7fe7282ce000
munmap(0x7fe7282ce000, 16384munmap(0x7fe7282ce000, 16384)           = 0
)           = 0
mmap(NULL, 16384, PROT_READ|PROT_WRITE, MAP_PRIVATE|MAP_ANONYMOUS, -1, 0mmap(NULL, 16384, PROT_READ|PROT_WRITE, MAP_PRIVATE|MAP_ANONYMOUS, -1, 0) = 0x7fe7282ce000
) = 0x7fe7282ce000
mmap(NULL, 16384, PROT_READ|PROT_WRITE, MAP_PRIVATE|MAP_ANONYMOUS, -1, 0mmap(NULL, 16384, PROT_READ|PROT_WRITE, MAP_PRIVATE|MAP_ANONYMOUS, -1, 0)) = 0x7fe7282ca000
 = 0x7fe7282ca000
fcntl(0, F_GETFLfcntl(0, F_GETFL)                       = 0x8002 (flags O_RDWR|O_LARGEFILE)
)                       = 0x8002 (flags O_RDWR|O_LARGEFILE)
fcntl(0, F_SETFL, O_RDWR|O_NONBLOCK|O_LARGEFILEfcntl(0, F_SETFL, O_RDWR|O_NONBLOCK|O_LARGEFILE)) = 0
 = 0
epoll_ctl(3, EPOLL_CTL_ADD, 0, epoll_ctl(3, EPOLL_CTL_ADD, 0, {events=EPOLLIN|EPOLLERR|EPOLLHUP|EPOLLET, data={u32=674113184, u64=140630788286112}}{events=EPOLLIN|EPOLLERR|EPOLLHUP|EPOLLET, data={u32=674113184, u64=140630788286112}}) = 0
) = 0
fcntl(1, F_GETFLfcntl(1, F_GETFL)                       = 0x8802 (flags O_RDWR|O_NONBLOCK|O_LARGEFILE)
)                       = 0x8802 (flags O_RDWR|O_NONBLOCK|O_LARGEFILE)
fcntl(1, F_SETFL, O_RDWR|O_NONBLOCK|O_LARGEFILEfcntl(1, F_SETFL, O_RDWR|O_NONBLOCK|O_LARGEFILE) = 0
) = 0
epoll_ctl(3, EPOLL_CTL_ADD, 1, epoll_ctl(3, EPOLL_CTL_ADD, 1, {events=EPOLLOUT|EPOLLERR|EPOLLHUP|EPOLLET, data={u32=674112608, u64=140630788285536}}{events=EPOLLOUT|EPOLLERR|EPOLLHUP|EPOLLET, data={u32=674112608, u64=140630788285536}}) = 0
) = 0
fcntl(2, F_GETFLfcntl(2, F_GETFL)                       = 0x1 (flags O_WRONLY)
)                       = 0x1 (flags O_WRONLY)
fcntl(2, F_SETFL, O_WRONLY|O_NONBLOCK|O_LARGEFILEfcntl(2, F_SETFL, O_WRONLY|O_NONBLOCK|O_LARGEFILE) = 0
) = 0
epoll_ctl(3, EPOLL_CTL_ADD, 2, {epoll_ctl(3, EPOLL_CTL_ADD, 2, {events=EPOLLOUT|EPOLLERR|EPOLLHUP|EPOLLET, data={u32=674112752, u64=140630788285680}}events=EPOLLOUT|EPOLLERR|EPOLLHUP|EPOLLET, data={u32=674112752, u64=140630788285680}}) = 0
) = 0
brk(0x557468094000brk(0x557468094000)                     = 0x557468094000
)                     = 0x557468094000
mmap(NULL, 20480, PROT_READ|PROT_WRITE, MAP_PRIVATE|MAP_ANONYMOUS, -1, mmap(NULL, 20480, PROT_READ|PROT_WRITE, MAP_PRIVATE|MAP_ANONYMOUS, -1, 00) = 0x7fe7282c5000
) = 0x7fe7282c5000
munmap(0x7fe7282c5000, 20480munmap(0x7fe7282c5000, 20480)           = 0
)           = 0
mmap(NULL, 20480, PROT_READ|PROT_WRITE, MAP_PRIVATE|MAP_ANONYMOUS, mmap(NULL, 20480, PROT_READ|PROT_WRITE, MAP_PRIVATE|MAP_ANONYMOUS, -1, 0-1, 0) = 0x7fe7282c5000
) = 0x7fe7282c5000
munmap(0x7fe7282c5000, 20480munmap(0x7fe7282c5000, 20480)           = 0
)           = 0
ioctl(1ioctl(1, , TIOCGWINSZTIOCGWINSZ, {, {ws_row=10, ws_col=100, ws_xpixel=0, ws_ypixel=0}) = 0
ws_row=10, ws_col=100, ws_xpixel=0, ws_ypixel=0}) = 0
writev(writev(1, [{iov_base=1, [{iov_base="\33[32mRunning test:\33[0m \33[32mtest"..., iov_len=48}"\33[32mRunning test:\33[0m \33[32mtest"..., iov_len=48}, {iov_base="\n", iov_len=1}], {iov_base="\n", iov_len=1}], 2, 2) = 49
) = 49
mmap(NULL, 8192, PROT_READ|PROT_WRITE, MAP_PRIVATE|MAP_ANONYMOUS, -1, 0mmap(NULL, 8192, PROT_READ|PROT_WRITE, MAP_PRIVATE|MAP_ANONYMOUS, -1, 0) = 0x7fe7282eb000
) = 0x7fe7282eb000
open("test/process.js", open("test/process.js", O_RDONLY|O_LARGEFILEO_RDONLY|O_LARGEFILE) = 5
) = 5
lseek(5, 0, lseek(5, 0, SEEK_ENDSEEK_END)                   = 695
)                   = 695
lseek(5, 0, SEEK_CURlseek(5, 0, SEEK_CUR)                   = 695
)                   = 695
lseek(5, 0, SEEK_SETlseek(5, 0, SEEK_SET)                   = 0
)                   = 0
readv(5, readv(5, [{iov_base=[{iov_base="import { Process, stderr, stdin,"..., iov_len=694}, {iov_base="\n", iov_len=1024}], 2) = 695
"import { Process, stderr, stdin,"..., iov_len=694}, {iov_base="\n", iov_len=1024}], 2) = 695
close(5close(5)                                = 0
)                                = 0
readlink("test"readlink("test", , 0x7ffe43cb9ca0, 4085)  = -1 EINVAL 0x7ffe43cb9ca0, 4085)  = -1 EINVAL (Invalid argument)
(Invalid argument)
readlink("test/process.js", readlink("test/process.js", 0x7ffe43cb9ca0, 4096) = -1 EINVAL (Invalid argument)
0x7ffe43cb9ca0, 4096) = -1 EINVAL (Invalid argument)
getcwd(getcwd("/root/lightjs", 4097)           = 14
"/root/lightjs", 4097)           = 14
mmap(NULL, 20480, PROT_READ|PROT_WRITE, MAP_PRIVATE|MAP_ANONYMOUS, -1, 0mmap(NULL, 20480, PROT_READ|PROT_WRITE, MAP_PRIVATE|MAP_ANONYMOUS, -1, 0) = 0x7fe7282c5000
) = 0x7fe7282c5000
munmap(0x7fe7282c5000, 20480munmap(0x7fe7282c5000, 20480)           = 0
)           = 0
writev(1, writev(1, [{iov_base="\33[32mStarting process.js\33[0m ", iov_len=29}, {iov_base="\n", iov_len=1}], 2[{iov_base="\33[32mStarting process.js\33[0m ", iov_len=29}, {iov_base="\n", iov_len=1}], 2) = 30
) = 30
ioctl(0, TIOCGWINSZioctl(0, TIOCGWINSZ, {, {ws_row=10, ws_col=100, ws_xpixel=0, ws_ypixel=0}) = 0
ws_row=10, ws_col=100, ws_xpixel=0, ws_ypixel=0}) = 0
ioctl(ioctl(0, TCGETS0, TCGETS, {c_iflag=IXANY|IMAXBEL, {c_iflag=IXANY|IMAXBEL|IUTF8, c_oflag=NL0|CR0|TAB0|BS0|VT0|FF0|OPOST|ONLCR, c_cflag=B38400|CS8|CREAD|HUPCL, c_lflag=ISIG|ICANON|ECHO|ECHOE|ECHOK|ECHOCTL|ECHOKE, ...}) = 0
|IUTF8, c_oflag=NL0|CR0|TAB0|BS0|VT0|FF0|OPOST|ONLCR, c_cflag=B38400|CS8|CREAD|HUPCL, c_lflag=ISIG|ICANON|ECHO|ECHOE|ECHOK|ECHOCTL|ECHOKE, ...}) = 0
ioctl(ioctl(0, TCSETS, {c_iflag=IXANY|IMAXBEL|IUTF8, c_oflag=NL0|0, TCSETS, {c_iflag=IXANY|IMAXBEL|IUTF8, c_oflag=NL0|CR0|TAB0|BS0|VT0|FF0|CR0|TAB0|BS0|VT0|FF0|OPOST|ONLCR, c_cflag=B38400|CS8|OPOST|ONLCR, c_cflag=B38400|CS8|CREAD|HUPCL, c_lflag=ISIG|ECHOE|ECHOK|CREAD|HUPCL, c_lflag=ISIG|ECHOE|ECHOK|ECHOCTL|ECHOKE, ...}ECHOCTL|ECHOKE, ...}) = 0
) = 0
epoll_ctl(3, EPOLL_CTL_MOD, 1, {events=EPOLLOUT|EPOLLHUP|EPOLLET, data=epoll_ctl(3, EPOLL_CTL_MOD, 1, {events=EPOLLOUT|EPOLLHUP|EPOLLET, data={u32=674112608, u64=140630788285536}}{u32=674112608, u64=140630788285536}}) = 0
) = 0
mmap(NULL, 20480, PROT_READ|PROT_WRITE, MAP_PRIVATE|MAP_ANONYMOUS, -1, 0mmap(NULL, 20480, PROT_READ|PROT_WRITE, MAP_PRIVATE|MAP_ANONYMOUS, -1, 0) = 0x7fe7282c5000
) = 0x7fe7282c5000
epoll_ctl(3, EPOLL_CTL_MOD, 0, {events=EPOLLINepoll_ctl(3, EPOLL_CTL_MOD, 0, {events=EPOLLIN|EPOLLHUP|EPOLLET, data={u32=674113184, u64=140630788286112}}|EPOLLHUP|EPOLLET, data={u32=674113184, u64=140630788286112}}) = 0
) = 0
mmap(NULL, 8192, PROT_READ|PROT_WRITE, MAP_PRIVATE|MAP_ANONYMOUS, -1, 0mmap(NULL, 8192, PROT_READ|PROT_WRITE, MAP_PRIVATE|MAP_ANONYMOUS, -1, 0) = 0x7fe7282c3000
) = 0x7fe7282c3000
epoll_pwait(3, epoll_pwait(3, [{events=EPOLLOUT, data={u32=674112608, u64=140630788285536}}, {events=EPOLLOUT, [{events=EPOLLOUT, data={u32=674112608, u64=140630788285536}}, {events=EPOLLOUT, data={u32=674112752, u64=140630788285680}}], 64, -1, NULL, 8) = 2
data={u32=674112752, u64=140630788285680}}], 64, -1, NULL, 8) = 2
write(1, "Enter something and press enter:"..., 33write(1, "Enter something and press enter:"..., 33)) = 33
 = 33
epoll_ctl(3, EPOLL_CTL_MOD, 1, {epoll_ctl(3, EPOLL_CTL_MOD, 1, {events=EPOLLHUP|EPOLLET, events=EPOLLHUP|EPOLLET, data=data={u32=674112608, u64=140630788285536}{u32=674112608, u64=140630788285536}}}) = 0
) = 0
epoll_ctl(3, EPOLL_CTL_MOD, 2, epoll_ctl(3, EPOLL_CTL_MOD, 2, {events=EPOLLHUP|EPOLLET, data={u32=674112752, u64=140630788285680}}{events=EPOLLHUP|EPOLLET, data={u32=674112752, u64=140630788285680}})) = 0
 = 0
epoll_pwait(3, epoll_pwait(3, [{events=EPOLLIN, data={u32=674113184, u64=[{events=EPOLLIN, data={u32=674113184, u64=140630788286112}}], 64, -1, NULL, 8) = 1
140630788286112}}], 64, -1, NULL, 8) = 1
read(0, read(0, "\r", 4096)                     = 1
"\r", 4096)                     = 1
epoll_ctl(3, EPOLL_CTL_MOD, 0, {events=EPOLLHUP|EPOLLET, data={u32=674113184, u64=140630788286112}}epoll_ctl(3, EPOLL_CTL_MOD, 0, {events=EPOLLHUP|EPOLLET, data={u32=674113184, u64=140630788286112}}) = 0
) = 0
writev(2, [{iov_base="", iov_len=0}, {iov_base="\33[31m error \33[0m", iov_len=16}], 2writev(2, [{iov_base="", iov_len=0}, {iov_base="\33[31m error \33[0m", iov_len=16}], 2[31m error [0m[31m error [0m) = 16
) = 16
mmap(NULL, 20480, PROT_READ|PROT_WRITE, MAP_PRIVATE|MAP_ANONYMOUS, -1, 0mmap(NULL, 20480, PROT_READ|PROT_WRITE, MAP_PRIVATE|MAP_ANONYMOUS, -1, 0) = 0x7fe7282be000
) = 0x7fe7282be000
writev(2, [{iov_base="\33[32mTry\33[0m", writev(2, [{iov_base="\33[32mTry\33[0m", iov_len=12}, {iov_base=NULL, iov_len=0}], 2iov_len=12}, {iov_base=NULL, iov_len=0}], 2[32mTry[0m) = 12
[32mTry[0m) = 12
munmap(munmap(0x7fe7282be000, 204800x7fe7282be000, 20480)           = 0
)           = 0
writev(2, [{iov_base="", iov_len=0}writev(2, [{iov_base="", iov_len=0}, {iov_base=" ", iov_len=1}], 2, {iov_base=" ", iov_len=1}], 2  ) = 1
) = 1
mmap(NULL, 20480, PROT_READ|PROT_WRITEmmap(NULL, 20480, PROT_READ|PROT_WRITE, MAP_PRIVATE|MAP_ANONYMOUS, -1, 0, MAP_PRIVATE|MAP_ANONYMOUS, -1, 0) = 0x7fe7282be000
) = 0x7fe7282be000
writev(2, [{iov_base="\33[32mstd\33[0m"writev(2, [{iov_base="\33[32mstd\33[0m", iov_len=12}, {iov_base=NULL, iov_len=0}], 2, iov_len=12}, {iov_base=NULL, iov_len=0}], 2[32mstd[0m[32mstd[0m) = 12
) = 12
munmap(0x7fe7282be000, 20480munmap(0x7fe7282be000, 20480)           = 0
)           = 0
writev(2, writev(2, [{iov_base=""[{iov_base="", iov_len=0}, {iov_base=" ", , iov_len=0}, {iov_base=" ", iov_len=1}], 2iov_len=1}], 2  ) = 1
) = 1
mmap(NULL, 20480, PROT_READ|PROT_WRITE, MAP_PRIVATE|MAP_ANONYMOUS, -1, 0mmap(NULL, 20480, PROT_READ|PROT_WRITE, MAP_PRIVATE|MAP_ANONYMOUS, -1, 0) = 0x7fe7282be000
) = 0x7fe7282be000
writev(2, [writev(2, [{iov_base="\33[32merror:Error\n    Pipe reache"..., iov_len=42}, {iov_base="\33[32merror:Error\n    Pipe reache"..., iov_len=42}, {iov_base=NULL, iov_len=0}], {iov_base=NULL, iov_len=0}], 22[32merror:Error
    Pipe reached EOF
[0m[32merror:Error
    Pipe reached EOF
[0m) = 42
) = 42
munmap(0x7fe7282be000, 20480munmap(0x7fe7282be000, 20480)           = 0
)           = 0
writev(2, writev(2, [{iov_base="", iov_len=0}, {iov_base=" ", iov_len=1}], 2[{iov_base="", iov_len=0}, {iov_base=" ", iov_len=1}], 2  ) = 1
) = 1
writev(2, [{iov_base="", iov_len=0}, {iov_base="\n", iov_len=1}], 2writev(2, [{iov_base="", iov_len=0}, {iov_base="\n", iov_len=1}], 2

) = 1
) = 1
writev(2, [{iov_base="", iov_len=0}, {iov_base="\33[31m error \33[0m", iov_len=16}], 2writev(2, [{iov_base="", iov_len=0}, {iov_base="\33[31m error \33[0m", iov_len=16}], 2[31m error [0m[31m error [0m) = 16
) = 16
mmap(NULL, 20480, PROT_READ|PROT_WRITE, MAP_PRIVATE|MAP_ANONYMOUS, -1, 0mmap(NULL, 20480, PROT_READ|PROT_WRITE, MAP_PRIVATE|MAP_ANONYMOUS, -1, 0) = 0x7fe7282be000
) = 0x7fe7282be000
writev(2, [{iov_base="\33[31mError\33[0m: Pipe reached EOF"..., iov_len=writev(2, [{iov_base="\33[31mError\33[0m: Pipe reached EOF"..., iov_len=33}, {iov_base=NULL, iov_len=0}], 233}, {iov_base=NULL, iov_len=0}], 2[31mError[0m: Pipe reached EOF
[31mError[0m: Pipe reached EOF
) = 33
) = 33
writev(2, [{iov_base="  \n", iov_len=3}, {iov_base=NULL, iov_len=0}], 2writev(2, [{iov_base="  \n", iov_len=3}, {iov_base=NULL, iov_len=0}], 2  
  
) = 3
) = 3
munmap(0x7fe7282be000, 20480munmap(0x7fe7282be000, 20480)           = 0
)           = 0
writev(writev(2, 2, [{iov_base="", [{iov_base="", iov_len=0}, {iov_base=" ", iov_len=iov_len=0}, {iov_base=" ", iov_len=1}], 21}], 2  ) = 1
) = 1
writev(2, [{iov_base="", iov_len=0}, {iov_base="\n", iov_len=1}], 2writev(2, [{iov_base="", iov_len=0}, {iov_base="\n", iov_len=1}], 2

) = 1
) = 1
close(3close(3)                                = 0
)                                = 0
rt_sigprocmask(SIG_BLOCK, ~[RTMIN RT_1 RT_2]rt_sigprocmask(SIG_BLOCK, ~[RTMIN RT_1 RT_2], , [], 8) = 0
[], 8) = 0
rt_sigprocmask(SIG_BLOCK, ~[], rt_sigprocmask(SIG_BLOCK, ~[], ~[KILL STOP RTMIN RT_1 RT_2], 8) = 0
~[KILL STOP RTMIN RT_1 RT_2], 8) = 0
fork(fork()                                  = 59139
)                                  = 59139
rt_sigprocmask(SIG_SETMASK, rt_sigprocmask(SIG_SETMASK, ~[KILL STOP RTMIN RT_1 RT_2], ~[KILL STOP RTMIN RT_1 RT_2], NULL, 8) = 0
NULL, 8) = 0
rt_sigprocmask(SIG_SETMASK, [], rt_sigprocmask(SIG_SETMASK, [], NULL, 8) = 0
NULL, 8) = 0
--- SIGCHLD {si_signo=SIGCHLD, si_code=CLD_EXITED, si_pid=59139, si_uid=0--- SIGCHLD {si_signo=SIGCHLD, si_code=CLD_EXITED, si_pid=59139, si_uid=0, si_status=127, si_utime=0, si_stime=0} ---
, si_status=127, si_utime=0, si_stime=0} ---
wait4(773616464, wait4(773616464, 0x7ffe43cb7874, WNOHANG, NULL) = -1 ECHILD0x7ffe43cb7874, WNOHANG, NULL) = -1 ECHILD (No child process)
 (No child process)
rt_sigreturn({mask=[]}rt_sigreturn({mask=[]})                 = 0
)                 = 0
mmap(NULL, 20480, PROT_READ|PROT_WRITE, MAP_PRIVATE|mmap(NULL, 20480, PROT_READ|PROT_WRITE, MAP_PRIVATE|MAP_ANONYMOUS, -1, 0MAP_ANONYMOUS, -1, 0) = 0x7fe7282be000
) = 0x7fe7282be000
munmap(0x7fe7282be000, 20480munmap(0x7fe7282be000, 20480)           = 0
)           = 0
mmap(NULL, 20480, PROT_READ|PROT_WRITE, MAP_PRIVATE|MAP_ANONYMOUS, -1, 0mmap(NULL, 20480, PROT_READ|PROT_WRITE, MAP_PRIVATE|MAP_ANONYMOUS, -1, 0) = 0x7fe7282be000
) = 0x7fe7282be000
munmap(0x7fe7282be000, 20480munmap(0x7fe7282be000, 20480)           = )           = 0
0
writev(1, [writev(1, [{iov_base="\33[1mtrue\33[0m \33[36m59139\33[0m ", iov_len=28}, {iov_base="\n", iov_len=1}], 2{iov_base="\33[1mtrue\33[0m \33[36m59139\33[0m ", iov_len=28}, {iov_base="\n", iov_len=1}], 2) = 29
) = 29
epoll_pwait(3, epoll_pwait(3, 0x7ffe43cbaf90, 64, -1, NULL, 8) = 0x7ffe43cbaf90, 64, -1, NULL, 8) = -1 EBADF (Bad file descriptor)
-1 EBADF (Bad file descriptor)
rt_sigprocmask(SIG_BLOCK, rt_sigprocmask(SIG_BLOCK, ~[RTMIN RT_1 RT_2], ~[RTMIN RT_1 RT_2], [], 8) = 0
[], 8) = 0
tkill(59126, SIGABRTtkill(59126, SIGABRT)                   = 0
)                   = 0
rt_sigprocmask(SIG_SETMASK, [], rt_sigprocmask(SIG_SETMASK, [], NULL, 8) = 0
NULL, 8) = 0
--- SIGABRT {si_signo=SIGABRT, si_code=SI_TKILL, si_pid=59126, si_uid=0} ---
--- SIGABRT {si_signo=SIGABRT, si_code=SI_TKILL, si_pid=59126, si_uid=0} ---
+++ killed by SIGABRT +++
+++ killed by SIGABRT +++
